# JRE version: OpenJDK Runtime Environment Temurin-21.0.8+9 (21.0.8+9) (build 21.0.8+9-LTS)
# Java VM: OpenJDK 64-Bit Server VM Temurin-21.0.8+9 (21.0.8+9-LTS, mixed mode, sharing, tiered, compressed oops, compressed class ptrs, parallel gc, windows-amd64)
GC Precious Log:
 CardTable entry size: 512
 CPUs: 12 total, 12 available
 Memory: 16068M
 Large Page Support: Disabled
 NUMA Support: Disabled
 Compressed Oops: Enabled (32-bit)
 Alignments: Space 512K, Generation 512K, Heap 2M
 Heap Min Capacity: 100M
 Heap Initial Capacity: 100M
 Heap Max Capacity: 2G
 Pre-touch: Disabled
 Parallel Workers: 10
Heap:
 PSYoungGen      total 24064K, used 14181K [0x00000000d5580000, 0x00000000d7700000, 0x0000000100000000)
  eden space 22016K, 55% used [0x00000000d5580000,0x00000000d6161cb8,0x00000000d6b00000)
  from space 2048K, 98% used [0x00000000d7500000,0x00000000d76f7798,0x00000000d7700000)
  to   space 2560K, 0% used [0x00000000d7200000,0x00000000d7200000,0x00000000d7480000)
 ParOldGen       total 68608K, used 42778K [0x0000000080000000, 0x0000000084300000, 0x00000000d5580000)
  object space 68608K, 62% used [0x0000000080000000,0x00000000829c6948,0x0000000084300000)
 Metaspace       used 53851K, committed 55296K, reserved 1114112K
  class space    used 5921K, committed 6592K, reserved 1048576K
GC Heap History (20 events):
Event: 4.909 GC heap before
{Heap before GC invocations=17 (full 2):
 PSYoungGen      total 23552K, used 23551K [0x00000000d5580000, 0x00000000d7000000, 0x0000000100000000)
  eden space 22016K, 99% used [0x00000000d5580000,0x00000000d6affda8,0x00000000d6b00000)
  from space 1536K, 100% used [0x00000000d6e00000,0x00000000d6f80000,0x00000000d6f80000)
  to   space 2560K, 0% used [0x00000000d6b00000,0x00000000d6b00000,0x00000000d6d80000)
 ParOldGen       total 68608K, used 20907K [0x0000000080000000, 0x0000000084300000, 0x00000000d5580000)
  object space 68608K, 30% used [0x0000000080000000,0x000000008146ae28,0x0000000084300000)
 Metaspace       used 37860K, committed 39104K, reserved 1114112K
  class space    used 3970K, committed 4544K, reserved 1048576K
}
Event: 4.913 GC heap after
{Heap after GC invocations=17 (full 2):
 PSYoungGen      total 24576K, used 2544K [0x00000000d5580000, 0x00000000d8500000, 0x0000000100000000)
  eden space 22016K, 0% used [0x00000000d5580000,0x00000000d5580000,0x00000000d6b00000)
  from space 2560K, 99% used [0x00000000d6b00000,0x00000000d6d7c010,0x00000000d6d80000)
  to   space 13312K, 0% used [0x00000000d7800000,0x00000000d7800000,0x00000000d8500000)
 ParOldGen       total 68608K, used 29869K [0x0000000080000000, 0x0000000084300000, 0x00000000d5580000)
  object space 68608K, 43% used [0x0000000080000000,0x0000000081d2b5b8,0x0000000084300000)
 Metaspace       used 37860K, committed 39104K, reserved 1114112K
  class space    used 3970K, committed 4544K, reserved 1048576K
}
Event: 5.162 GC heap before
{Heap before GC invocations=18 (full 2):
 PSYoungGen      total 24576K, used 24560K [0x00000000d5580000, 0x00000000d8500000, 0x0000000100000000)
  eden space 22016K, 100% used [0x00000000d5580000,0x00000000d6b00000,0x00000000d6b00000)
  from space 2560K, 99% used [0x00000000d6b00000,0x00000000d6d7c010,0x00000000d6d80000)
  to   space 13312K, 0% used [0x00000000d7800000,0x00000000d7800000,0x00000000d8500000)
 ParOldGen       total 68608K, used 29869K [0x0000000080000000, 0x0000000084300000, 0x00000000d5580000)
  object space 68608K, 43% used [0x0000000080000000,0x0000000081d2b5b8,0x0000000084300000)
 Metaspace       used 39392K, committed 40576K, reserved 1114112K
  class space    used 4187K, committed 4736K, reserved 1048576K
}
Event: 5.164 GC heap after
{Heap after GC invocations=18 (full 2):
 PSYoungGen      total 23040K, used 704K [0x00000000d5580000, 0x00000000d7900000, 0x0000000100000000)
  eden space 22016K, 0% used [0x00000000d5580000,0x00000000d5580000,0x00000000d6b00000)
  from space 1024K, 68% used [0x00000000d7800000,0x00000000d78b0000,0x00000000d7900000)
  to   space 5120K, 0% used [0x00000000d6f00000,0x00000000d6f00000,0x00000000d7400000)
 ParOldGen       total 68608K, used 32402K [0x0000000080000000, 0x0000000084300000, 0x00000000d5580000)
  object space 68608K, 47% used [0x0000000080000000,0x0000000081fa4a58,0x0000000084300000)
 Metaspace       used 39392K, committed 40576K, reserved 1114112K
  class space    used 4187K, committed 4736K, reserved 1048576K
}
Event: 5.396 GC heap before
{Heap before GC invocations=19 (full 2):
 PSYoungGen      total 23040K, used 22720K [0x00000000d5580000, 0x00000000d7900000, 0x0000000100000000)
  eden space 22016K, 100% used [0x00000000d5580000,0x00000000d6b00000,0x00000000d6b00000)
  from space 1024K, 68% used [0x00000000d7800000,0x00000000d78b0000,0x00000000d7900000)
  to   space 5120K, 0% used [0x00000000d6f00000,0x00000000d6f00000,0x00000000d7400000)
 ParOldGen       total 68608K, used 32402K [0x0000000080000000, 0x0000000084300000, 0x00000000d5580000)
  object space 68608K, 47% used [0x0000000080000000,0x0000000081fa4a58,0x0000000084300000)
 Metaspace       used 41438K, committed 42688K, reserved 1114112K
  class space    used 4451K, committed 4992K, reserved 1048576K
}
Event: 5.398 GC heap after
{Heap after GC invocations=19 (full 2):
 PSYoungGen      total 27136K, used 884K [0x00000000d5580000, 0x00000000d7880000, 0x0000000100000000)
  eden space 22016K, 0% used [0x00000000d5580000,0x00000000d5580000,0x00000000d6b00000)
  from space 5120K, 17% used [0x00000000d6f00000,0x00000000d6fdd310,0x00000000d7400000)
  to   space 1536K, 0% used [0x00000000d7700000,0x00000000d7700000,0x00000000d7880000)
 ParOldGen       total 68608K, used 32898K [0x0000000080000000, 0x0000000084300000, 0x00000000d5580000)
  object space 68608K, 47% used [0x0000000080000000,0x0000000082020a58,0x0000000084300000)
 Metaspace       used 41438K, committed 42688K, reserved 1114112K
  class space    used 4451K, committed 4992K, reserved 1048576K
}
Event: 5.620 GC heap before
{Heap before GC invocations=20 (full 2):
 PSYoungGen      total 27136K, used 22900K [0x00000000d5580000, 0x00000000d7880000, 0x0000000100000000)
  eden space 22016K, 100% used [0x00000000d5580000,0x00000000d6b00000,0x00000000d6b00000)
  from space 5120K, 17% used [0x00000000d6f00000,0x00000000d6fdd310,0x00000000d7400000)
  to   space 1536K, 0% used [0x00000000d7700000,0x00000000d7700000,0x00000000d7880000)
 ParOldGen       total 68608K, used 32898K [0x0000000080000000, 0x0000000084300000, 0x00000000d5580000)
  object space 68608K, 47% used [0x0000000080000000,0x0000000082020a58,0x0000000084300000)
 Metaspace       used 43877K, committed 45120K, reserved 1114112K
  class space    used 4772K, committed 5312K, reserved 1048576K
}
Event: 5.621 GC heap after
{Heap after GC invocations=20 (full 2):
 PSYoungGen      total 23552K, used 1376K [0x00000000d5580000, 0x00000000d7880000, 0x0000000100000000)
  eden space 22016K, 0% used [0x00000000d5580000,0x00000000d5580000,0x00000000d6b00000)
  from space 1536K, 89% used [0x00000000d7700000,0x00000000d7858000,0x00000000d7880000)
  to   space 1536K, 0% used [0x00000000d7580000,0x00000000d7580000,0x00000000d7700000)
 ParOldGen       total 68608K, used 33506K [0x0000000080000000, 0x0000000084300000, 0x00000000d5580000)
  object space 68608K, 48% used [0x0000000080000000,0x00000000820b8a58,0x0000000084300000)
 Metaspace       used 43877K, committed 45120K, reserved 1114112K
  class space    used 4772K, committed 5312K, reserved 1048576K
}
Event: 5.899 GC heap before
{Heap before GC invocations=21 (full 2):
 PSYoungGen      total 23552K, used 23392K [0x00000000d5580000, 0x00000000d7880000, 0x0000000100000000)
  eden space 22016K, 100% used [0x00000000d5580000,0x00000000d6b00000,0x00000000d6b00000)
  from space 1536K, 89% used [0x00000000d7700000,0x00000000d7858000,0x00000000d7880000)
  to   space 1536K, 0% used [0x00000000d7580000,0x00000000d7580000,0x00000000d7700000)
 ParOldGen       total 68608K, used 33506K [0x0000000080000000, 0x0000000084300000, 0x00000000d5580000)
  object space 68608K, 48% used [0x0000000080000000,0x00000000820b8a58,0x0000000084300000)
 Metaspace       used 46280K, committed 47488K, reserved 1114112K
  class space    used 5084K, committed 5632K, reserved 1048576K
}
Event: 5.903 GC heap after
{Heap after GC invocations=21 (full 2):
 PSYoungGen      total 23552K, used 1497K [0x00000000d5580000, 0x00000000d7780000, 0x0000000100000000)
  eden space 22016K, 0% used [0x00000000d5580000,0x00000000d5580000,0x00000000d6b00000)
  from space 1536K, 97% used [0x00000000d7580000,0x00000000d76f65f0,0x00000000d7700000)
  to   space 512K, 0% used [0x00000000d7700000,0x00000000d7700000,0x00000000d7780000)
 ParOldGen       total 68608K, used 34682K [0x0000000080000000, 0x0000000084300000, 0x00000000d5580000)
  object space 68608K, 50% used [0x0000000080000000,0x00000000821dea78,0x0000000084300000)
 Metaspace       used 46280K, committed 47488K, reserved 1114112K
  class space    used 5084K, committed 5632K, reserved 1048576K
}
Event: 6.351 GC heap before
{Heap before GC invocations=22 (full 2):
 PSYoungGen      total 23552K, used 23513K [0x00000000d5580000, 0x00000000d7780000, 0x0000000100000000)
  eden space 22016K, 100% used [0x00000000d5580000,0x00000000d6b00000,0x00000000d6b00000)
  from space 1536K, 97% used [0x00000000d7580000,0x00000000d76f65f0,0x00000000d7700000)
  to   space 512K, 0% used [0x00000000d7700000,0x00000000d7700000,0x00000000d7780000)
 ParOldGen       total 68608K, used 34682K [0x0000000080000000, 0x0000000084300000, 0x00000000d5580000)
  object space 68608K, 50% used [0x0000000080000000,0x00000000821dea78,0x0000000084300000)
 Metaspace       used 46890K, committed 48128K, reserved 1114112K
  class space    used 5129K, committed 5696K, reserved 1048576K
}
Event: 6.352 GC heap after
{Heap after GC invocations=22 (full 2):
 PSYoungGen      total 22528K, used 445K [0x00000000d5580000, 0x00000000d7780000, 0x0000000100000000)
  eden space 22016K, 0% used [0x00000000d5580000,0x00000000d5580000,0x00000000d6b00000)
  from space 512K, 87% used [0x00000000d7700000,0x00000000d776f600,0x00000000d7780000)
  to   space 1024K, 0% used [0x00000000d7580000,0x00000000d7580000,0x00000000d7680000)
 ParOldGen       total 68608K, used 35996K [0x0000000080000000, 0x0000000084300000, 0x00000000d5580000)
  object space 68608K, 52% used [0x0000000080000000,0x0000000082327298,0x0000000084300000)
 Metaspace       used 46890K, committed 48128K, reserved 1114112K
  class space    used 5129K, committed 5696K, reserved 1048576K
}
Event: 6.544 GC heap before
{Heap before GC invocations=23 (full 2):
 PSYoungGen      total 22528K, used 22461K [0x00000000d5580000, 0x00000000d7780000, 0x0000000100000000)
  eden space 22016K, 100% used [0x00000000d5580000,0x00000000d6b00000,0x00000000d6b00000)
  from space 512K, 87% used [0x00000000d7700000,0x00000000d776f600,0x00000000d7780000)
  to   space 1024K, 0% used [0x00000000d7580000,0x00000000d7580000,0x00000000d7680000)
 ParOldGen       total 68608K, used 35996K [0x0000000080000000, 0x0000000084300000, 0x00000000d5580000)
  object space 68608K, 52% used [0x0000000080000000,0x0000000082327298,0x0000000084300000)
 Metaspace       used 48439K, committed 49728K, reserved 1114112K
  class space    used 5291K, committed 5888K, reserved 1048576K
}
Event: 6.545 GC heap after
{Heap after GC invocations=23 (full 2):
 PSYoungGen      total 23040K, used 1024K [0x00000000d5580000, 0x00000000d7780000, 0x0000000100000000)
  eden space 22016K, 0% used [0x00000000d5580000,0x00000000d5580000,0x00000000d6b00000)
  from space 1024K, 100% used [0x00000000d7580000,0x00000000d7680000,0x00000000d7680000)
  to   space 1024K, 0% used [0x00000000d7680000,0x00000000d7680000,0x00000000d7780000)
 ParOldGen       total 68608K, used 39092K [0x0000000080000000, 0x0000000084300000, 0x00000000d5580000)
  object space 68608K, 56% used [0x0000000080000000,0x000000008262d098,0x0000000084300000)
 Metaspace       used 48439K, committed 49728K, reserved 1114112K
  class space    used 5291K, committed 5888K, reserved 1048576K
}
Event: 8.132 GC heap before
{Heap before GC invocations=24 (full 2):
 PSYoungGen      total 23040K, used 23040K [0x00000000d5580000, 0x00000000d7780000, 0x0000000100000000)
  eden space 22016K, 100% used [0x00000000d5580000,0x00000000d6b00000,0x00000000d6b00000)
  from space 1024K, 100% used [0x00000000d7580000,0x00000000d7680000,0x00000000d7680000)
  to   space 1024K, 0% used [0x00000000d7680000,0x00000000d7680000,0x00000000d7780000)
 ParOldGen       total 68608K, used 39092K [0x0000000080000000, 0x0000000084300000, 0x00000000d5580000)
  object space 68608K, 56% used [0x0000000080000000,0x000000008262d098,0x0000000084300000)
 Metaspace       used 51730K, committed 53120K, reserved 1114112K
  class space    used 5704K, committed 6336K, reserved 1048576K
}
Event: 8.134 GC heap after
{Heap after GC invocations=24 (full 2):
 PSYoungGen      total 23040K, used 1022K [0x00000000d5580000, 0x00000000d7780000, 0x0000000100000000)
  eden space 22016K, 0% used [0x00000000d5580000,0x00000000d5580000,0x00000000d6b00000)
  from space 1024K, 99% used [0x00000000d7680000,0x00000000d777fab8,0x00000000d7780000)
  to   space 3072K, 0% used [0x00000000d7180000,0x00000000d7180000,0x00000000d7480000)
 ParOldGen       total 68608K, used 40288K [0x0000000080000000, 0x0000000084300000, 0x00000000d5580000)
  object space 68608K, 58% used [0x0000000080000000,0x0000000082758138,0x0000000084300000)
 Metaspace       used 51730K, committed 53120K, reserved 1114112K
  class space    used 5704K, committed 6336K, reserved 1048576K
}
Event: 9.546 GC heap before
{Heap before GC invocations=25 (full 2):
 PSYoungGen      total 23040K, used 23038K [0x00000000d5580000, 0x00000000d7780000, 0x0000000100000000)
  eden space 22016K, 100% used [0x00000000d5580000,0x00000000d6b00000,0x00000000d6b00000)
  from space 1024K, 99% used [0x00000000d7680000,0x00000000d777fab8,0x00000000d7780000)
  to   space 3072K, 0% used [0x00000000d7180000,0x00000000d7180000,0x00000000d7480000)
 ParOldGen       total 68608K, used 40288K [0x0000000080000000, 0x0000000084300000, 0x00000000d5580000)
  object space 68608K, 58% used [0x0000000080000000,0x0000000082758138,0x0000000084300000)
 Metaspace       used 53790K, committed 55232K, reserved 1114112K
  class space    used 5918K, committed 6592K, reserved 1048576K
}
Event: 9.550 GC heap after
{Heap after GC invocations=25 (full 2):
 PSYoungGen      total 25088K, used 1672K [0x00000000d5580000, 0x00000000d7700000, 0x0000000100000000)
  eden space 22016K, 0% used [0x00000000d5580000,0x00000000d5580000,0x00000000d6b00000)
  from space 3072K, 54% used [0x00000000d7180000,0x00000000d73221d8,0x00000000d7480000)
  to   space 2048K, 0% used [0x00000000d7500000,0x00000000d7500000,0x00000000d7700000)
 ParOldGen       total 68608K, used 41284K [0x0000000080000000, 0x0000000084300000, 0x00000000d5580000)
  object space 68608K, 60% used [0x0000000080000000,0x0000000082851030,0x0000000084300000)
 Metaspace       used 53790K, committed 55232K, reserved 1114112K
  class space    used 5918K, committed 6592K, reserved 1048576K
}
Event: 9.608 GC heap before
{Heap before GC invocations=26 (full 2):
 PSYoungGen      total 25088K, used 23688K [0x00000000d5580000, 0x00000000d7700000, 0x0000000100000000)
  eden space 22016K, 99% used [0x00000000d5580000,0x00000000d6afffe0,0x00000000d6b00000)
  from space 3072K, 54% used [0x00000000d7180000,0x00000000d73221d8,0x00000000d7480000)
  to   space 2048K, 0% used [0x00000000d7500000,0x00000000d7500000,0x00000000d7700000)
 ParOldGen       total 68608K, used 41284K [0x0000000080000000, 0x0000000084300000, 0x00000000d5580000)
  object space 68608K, 60% used [0x0000000080000000,0x0000000082851030,0x0000000084300000)
 Metaspace       used 53804K, committed 55232K, reserved 1114112K
  class space    used 5918K, committed 6592K, reserved 1048576K
}
Event: 9.610 GC heap after
{Heap after GC invocations=26 (full 2):
 PSYoungGen      total 24064K, used 2013K [0x00000000d5580000, 0x00000000d7700000, 0x0000000100000000)
  eden space 22016K, 0% used [0x00000000d5580000,0x00000000d5580000,0x00000000d6b00000)
  from space 2048K, 98% used [0x00000000d7500000,0x00000000d76f7798,0x00000000d7700000)
  to   space 2560K, 0% used [0x00000000d7200000,0x00000000d7200000,0x00000000d7480000)
 ParOldGen       total 68608K, used 42778K [0x0000000080000000, 0x0000000084300000, 0x00000000d5580000)
  object space 68608K, 62% used [0x0000000080000000,0x00000000829c6948,0x0000000084300000)
 Metaspace       used 53804K, committed 55232K, reserved 1114112K
  class space    used 5918K, committed 6592K, reserved 1048576K
}

