# JRE version: OpenJDK Runtime Environment Temurin-21.0.8+9 (21.0.8+9) (build 21.0.8+9-LTS)
# Java VM: OpenJDK 64-Bit Server VM Temurin-21.0.8+9 (21.0.8+9-LTS, mixed mode, sharing, tiered, compressed oops, compressed class ptrs, parallel gc, windows-amd64)
GC Precious Log:
 CardTable entry size: 512
 CPUs: 12 total, 12 available
 Memory: 16068M
 Large Page Support: Disabled
 NUMA Support: Disabled
 Compressed Oops: Enabled (32-bit)
 Alignments: Space 512K, Generation 512K, Heap 2M
 Heap Min Capacity: 100M
 Heap Initial Capacity: 100M
 Heap Max Capacity: 2G
 Pre-touch: Disabled
 Parallel Workers: 10
Heap:
 PSYoungGen      total 20992K, used 14921K [0x00000000d5580000, 0x00000000d7000000, 0x0000000100000000)
  eden space 19968K, 70% used [0x00000000d5580000,0x00000000d6335c20,0x00000000d6900000)
  from space 1024K, 86% used [0x00000000d6f00000,0x00000000d6fdc810,0x00000000d7000000)
  to   space 1024K, 0% used [0x00000000d6e00000,0x00000000d6e00000,0x00000000d6f00000)
 ParOldGen       total 152064K, used 151964K [0x0000000080000000, 0x0000000089480000, 0x00000000d5580000)
  object space 152064K, 99% used [0x0000000080000000,0x00000000894671c8,0x0000000089480000)
 Metaspace       used 65628K, committed 67200K, reserved 1114112K
  class space    used 7080K, committed 7744K, reserved 1048576K
GC Heap History (20 events):
Event: 28.900 GC heap before
{Heap before GC invocations=62 (full 3):
 PSYoungGen      total 20480K, used 20480K [0x00000000d5580000, 0x00000000d7280000, 0x0000000100000000)
  eden space 19968K, 100% used [0x00000000d5580000,0x00000000d6900000,0x00000000d6900000)
  from space 512K, 100% used [0x00000000d7200000,0x00000000d7280000,0x00000000d7280000)
  to   space 1536K, 0% used [0x00000000d6f80000,0x00000000d6f80000,0x00000000d7100000)
 ParOldGen       total 144384K, used 143919K [0x0000000080000000, 0x0000000088d00000, 0x00000000d5580000)
  object space 144384K, 99% used [0x0000000080000000,0x0000000088c8be78,0x0000000088d00000)
 Metaspace       used 64590K, committed 66112K, reserved 1114112K
  class space    used 6961K, committed 7616K, reserved 1048576K
}
Event: 28.902 GC heap after
{Heap after GC invocations=62 (full 3):
 PSYoungGen      total 21504K, used 1519K [0x00000000d5580000, 0x00000000d7280000, 0x0000000100000000)
  eden space 19968K, 0% used [0x00000000d5580000,0x00000000d5580000,0x00000000d6900000)
  from space 1536K, 98% used [0x00000000d6f80000,0x00000000d70fbd90,0x00000000d7100000)
  to   space 1536K, 0% used [0x00000000d7100000,0x00000000d7100000,0x00000000d7280000)
 ParOldGen       total 144896K, used 144563K [0x0000000080000000, 0x0000000088d80000, 0x00000000d5580000)
  object space 144896K, 99% used [0x0000000080000000,0x0000000088d2ce88,0x0000000088d80000)
 Metaspace       used 64590K, committed 66112K, reserved 1114112K
  class space    used 6961K, committed 7616K, reserved 1048576K
}
Event: 28.932 GC heap before
{Heap before GC invocations=63 (full 3):
 PSYoungGen      total 21504K, used 21487K [0x00000000d5580000, 0x00000000d7280000, 0x0000000100000000)
  eden space 19968K, 100% used [0x00000000d5580000,0x00000000d6900000,0x00000000d6900000)
  from space 1536K, 98% used [0x00000000d6f80000,0x00000000d70fbd90,0x00000000d7100000)
  to   space 1536K, 0% used [0x00000000d7100000,0x00000000d7100000,0x00000000d7280000)
 ParOldGen       total 144896K, used 144563K [0x0000000080000000, 0x0000000088d80000, 0x00000000d5580000)
  object space 144896K, 99% used [0x0000000080000000,0x0000000088d2ce88,0x0000000088d80000)
 Metaspace       used 64592K, committed 66112K, reserved 1114112K
  class space    used 6961K, committed 7616K, reserved 1048576K
}
Event: 28.934 GC heap after
{Heap after GC invocations=63 (full 3):
 PSYoungGen      total 20992K, used 960K [0x00000000d5580000, 0x00000000d7200000, 0x0000000100000000)
  eden space 19968K, 0% used [0x00000000d5580000,0x00000000d5580000,0x00000000d6900000)
  from space 1024K, 93% used [0x00000000d7100000,0x00000000d71f0000,0x00000000d7200000)
  to   space 1536K, 0% used [0x00000000d6f00000,0x00000000d6f00000,0x00000000d7080000)
 ParOldGen       total 146432K, used 146086K [0x0000000080000000, 0x0000000088f00000, 0x00000000d5580000)
  object space 146432K, 99% used [0x0000000080000000,0x0000000088ea9ad8,0x0000000088f00000)
 Metaspace       used 64592K, committed 66112K, reserved 1114112K
  class space    used 6961K, committed 7616K, reserved 1048576K
}
Event: 28.975 GC heap before
{Heap before GC invocations=64 (full 3):
 PSYoungGen      total 20992K, used 20928K [0x00000000d5580000, 0x00000000d7200000, 0x0000000100000000)
  eden space 19968K, 100% used [0x00000000d5580000,0x00000000d6900000,0x00000000d6900000)
  from space 1024K, 93% used [0x00000000d7100000,0x00000000d71f0000,0x00000000d7200000)
  to   space 1536K, 0% used [0x00000000d6f00000,0x00000000d6f00000,0x00000000d7080000)
 ParOldGen       total 146432K, used 146086K [0x0000000080000000, 0x0000000088f00000, 0x00000000d5580000)
  object space 146432K, 99% used [0x0000000080000000,0x0000000088ea9ad8,0x0000000088f00000)
 Metaspace       used 64610K, committed 66112K, reserved 1114112K
  class space    used 6965K, committed 7616K, reserved 1048576K
}
Event: 28.977 GC heap after
{Heap after GC invocations=64 (full 3):
 PSYoungGen      total 21504K, used 780K [0x00000000d5580000, 0x00000000d7180000, 0x0000000100000000)
  eden space 19968K, 0% used [0x00000000d5580000,0x00000000d5580000,0x00000000d6900000)
  from space 1536K, 50% used [0x00000000d6f00000,0x00000000d6fc3138,0x00000000d7080000)
  to   space 1024K, 0% used [0x00000000d7080000,0x00000000d7080000,0x00000000d7180000)
 ParOldGen       total 146944K, used 146875K [0x0000000080000000, 0x0000000088f80000, 0x00000000d5580000)
  object space 146944K, 99% used [0x0000000080000000,0x0000000088f6ee40,0x0000000088f80000)
 Metaspace       used 64610K, committed 66112K, reserved 1114112K
  class space    used 6965K, committed 7616K, reserved 1048576K
}
Event: 29.019 GC heap before
{Heap before GC invocations=65 (full 3):
 PSYoungGen      total 21504K, used 20748K [0x00000000d5580000, 0x00000000d7180000, 0x0000000100000000)
  eden space 19968K, 100% used [0x00000000d5580000,0x00000000d6900000,0x00000000d6900000)
  from space 1536K, 50% used [0x00000000d6f00000,0x00000000d6fc3138,0x00000000d7080000)
  to   space 1024K, 0% used [0x00000000d7080000,0x00000000d7080000,0x00000000d7180000)
 ParOldGen       total 146944K, used 146875K [0x0000000080000000, 0x0000000088f80000, 0x00000000d5580000)
  object space 146944K, 99% used [0x0000000080000000,0x0000000088f6ee40,0x0000000088f80000)
 Metaspace       used 64618K, committed 66176K, reserved 1114112K
  class space    used 6965K, committed 7616K, reserved 1048576K
}
Event: 29.021 GC heap after
{Heap after GC invocations=65 (full 3):
 PSYoungGen      total 20992K, used 608K [0x00000000d5580000, 0x00000000d7180000, 0x0000000100000000)
  eden space 19968K, 0% used [0x00000000d5580000,0x00000000d5580000,0x00000000d6900000)
  from space 1024K, 59% used [0x00000000d7080000,0x00000000d7118000,0x00000000d7180000)
  to   space 1024K, 0% used [0x00000000d6f80000,0x00000000d6f80000,0x00000000d7080000)
 ParOldGen       total 147968K, used 147524K [0x0000000080000000, 0x0000000089080000, 0x00000000d5580000)
  object space 147968K, 99% used [0x0000000080000000,0x0000000089011298,0x0000000089080000)
 Metaspace       used 64618K, committed 66176K, reserved 1114112K
  class space    used 6965K, committed 7616K, reserved 1048576K
}
Event: 29.063 GC heap before
{Heap before GC invocations=66 (full 3):
 PSYoungGen      total 20992K, used 20576K [0x00000000d5580000, 0x00000000d7180000, 0x0000000100000000)
  eden space 19968K, 100% used [0x00000000d5580000,0x00000000d6900000,0x00000000d6900000)
  from space 1024K, 59% used [0x00000000d7080000,0x00000000d7118000,0x00000000d7180000)
  to   space 1024K, 0% used [0x00000000d6f80000,0x00000000d6f80000,0x00000000d7080000)
 ParOldGen       total 147968K, used 147524K [0x0000000080000000, 0x0000000089080000, 0x00000000d5580000)
  object space 147968K, 99% used [0x0000000080000000,0x0000000089011298,0x0000000089080000)
 Metaspace       used 64626K, committed 66176K, reserved 1114112K
  class space    used 6965K, committed 7616K, reserved 1048576K
}
Event: 29.066 GC heap after
{Heap after GC invocations=66 (full 3):
 PSYoungGen      total 20992K, used 608K [0x00000000d5580000, 0x00000000d7100000, 0x0000000100000000)
  eden space 19968K, 0% used [0x00000000d5580000,0x00000000d5580000,0x00000000d6900000)
  from space 1024K, 59% used [0x00000000d6f80000,0x00000000d7018000,0x00000000d7080000)
  to   space 512K, 0% used [0x00000000d7080000,0x00000000d7080000,0x00000000d7100000)
 ParOldGen       total 147968K, used 147932K [0x0000000080000000, 0x0000000089080000, 0x00000000d5580000)
  object space 147968K, 99% used [0x0000000080000000,0x0000000089077298,0x0000000089080000)
 Metaspace       used 64626K, committed 66176K, reserved 1114112K
  class space    used 6965K, committed 7616K, reserved 1048576K
}
Event: 29.115 GC heap before
{Heap before GC invocations=67 (full 3):
 PSYoungGen      total 20992K, used 20576K [0x00000000d5580000, 0x00000000d7100000, 0x0000000100000000)
  eden space 19968K, 100% used [0x00000000d5580000,0x00000000d6900000,0x00000000d6900000)
  from space 1024K, 59% used [0x00000000d6f80000,0x00000000d7018000,0x00000000d7080000)
  to   space 512K, 0% used [0x00000000d7080000,0x00000000d7080000,0x00000000d7100000)
 ParOldGen       total 147968K, used 147932K [0x0000000080000000, 0x0000000089080000, 0x00000000d5580000)
  object space 147968K, 99% used [0x0000000080000000,0x0000000089077298,0x0000000089080000)
 Metaspace       used 64630K, committed 66176K, reserved 1114112K
  class space    used 6965K, committed 7616K, reserved 1048576K
}
Event: 29.117 GC heap after
{Heap after GC invocations=67 (full 3):
 PSYoungGen      total 20480K, used 510K [0x00000000d5580000, 0x00000000d7100000, 0x0000000100000000)
  eden space 19968K, 0% used [0x00000000d5580000,0x00000000d5580000,0x00000000d6900000)
  from space 512K, 99% used [0x00000000d7080000,0x00000000d70ffb80,0x00000000d7100000)
  to   space 1536K, 0% used [0x00000000d6e00000,0x00000000d6e00000,0x00000000d6f80000)
 ParOldGen       total 148992K, used 148588K [0x0000000080000000, 0x0000000089180000, 0x00000000d5580000)
  object space 148992K, 99% used [0x0000000080000000,0x000000008911b298,0x0000000089180000)
 Metaspace       used 64630K, committed 66176K, reserved 1114112K
  class space    used 6965K, committed 7616K, reserved 1048576K
}
Event: 29.175 GC heap before
{Heap before GC invocations=68 (full 3):
 PSYoungGen      total 20480K, used 20478K [0x00000000d5580000, 0x00000000d7100000, 0x0000000100000000)
  eden space 19968K, 100% used [0x00000000d5580000,0x00000000d6900000,0x00000000d6900000)
  from space 512K, 99% used [0x00000000d7080000,0x00000000d70ffb80,0x00000000d7100000)
  to   space 1536K, 0% used [0x00000000d6e00000,0x00000000d6e00000,0x00000000d6f80000)
 ParOldGen       total 148992K, used 148588K [0x0000000080000000, 0x0000000089180000, 0x00000000d5580000)
  object space 148992K, 99% used [0x0000000080000000,0x000000008911b298,0x0000000089180000)
 Metaspace       used 64642K, committed 66176K, reserved 1114112K
  class space    used 6965K, committed 7616K, reserved 1048576K
}
Event: 29.178 GC heap after
{Heap after GC invocations=68 (full 3):
 PSYoungGen      total 21504K, used 1501K [0x00000000d5580000, 0x00000000d7100000, 0x0000000100000000)
  eden space 19968K, 0% used [0x00000000d5580000,0x00000000d5580000,0x00000000d6900000)
  from space 1536K, 97% used [0x00000000d6e00000,0x00000000d6f775a0,0x00000000d6f80000)
  to   space 1536K, 0% used [0x00000000d6f80000,0x00000000d6f80000,0x00000000d7100000)
 ParOldGen       total 149504K, used 149059K [0x0000000080000000, 0x0000000089200000, 0x00000000d5580000)
  object space 149504K, 99% used [0x0000000080000000,0x0000000089190d08,0x0000000089200000)
 Metaspace       used 64642K, committed 66176K, reserved 1114112K
  class space    used 6965K, committed 7616K, reserved 1048576K
}
Event: 29.258 GC heap before
{Heap before GC invocations=69 (full 3):
 PSYoungGen      total 21504K, used 21469K [0x00000000d5580000, 0x00000000d7100000, 0x0000000100000000)
  eden space 19968K, 100% used [0x00000000d5580000,0x00000000d6900000,0x00000000d6900000)
  from space 1536K, 97% used [0x00000000d6e00000,0x00000000d6f775a0,0x00000000d6f80000)
  to   space 1536K, 0% used [0x00000000d6f80000,0x00000000d6f80000,0x00000000d7100000)
 ParOldGen       total 149504K, used 149059K [0x0000000080000000, 0x0000000089200000, 0x00000000d5580000)
  object space 149504K, 99% used [0x0000000080000000,0x0000000089190d08,0x0000000089200000)
 Metaspace       used 64654K, committed 66176K, reserved 1114112K
  class space    used 6965K, committed 7616K, reserved 1048576K
}
Event: 29.261 GC heap after
{Heap after GC invocations=69 (full 3):
 PSYoungGen      total 20992K, used 1022K [0x00000000d5580000, 0x00000000d7080000, 0x0000000100000000)
  eden space 19968K, 0% used [0x00000000d5580000,0x00000000d5580000,0x00000000d6900000)
  from space 1024K, 99% used [0x00000000d6f80000,0x00000000d707f9e0,0x00000000d7080000)
  to   space 1536K, 0% used [0x00000000d6d80000,0x00000000d6d80000,0x00000000d6f00000)
 ParOldGen       total 150528K, used 150433K [0x0000000080000000, 0x0000000089300000, 0x00000000d5580000)
  object space 150528K, 99% used [0x0000000080000000,0x00000000892e8730,0x0000000089300000)
 Metaspace       used 64654K, committed 66176K, reserved 1114112K
  class space    used 6965K, committed 7616K, reserved 1048576K
}
Event: 29.310 GC heap before
{Heap before GC invocations=70 (full 3):
 PSYoungGen      total 20992K, used 20990K [0x00000000d5580000, 0x00000000d7080000, 0x0000000100000000)
  eden space 19968K, 100% used [0x00000000d5580000,0x00000000d6900000,0x00000000d6900000)
  from space 1024K, 99% used [0x00000000d6f80000,0x00000000d707f9e0,0x00000000d7080000)
  to   space 1536K, 0% used [0x00000000d6d80000,0x00000000d6d80000,0x00000000d6f00000)
 ParOldGen       total 150528K, used 150433K [0x0000000080000000, 0x0000000089300000, 0x00000000d5580000)
  object space 150528K, 99% used [0x0000000080000000,0x00000000892e8730,0x0000000089300000)
 Metaspace       used 64667K, committed 66176K, reserved 1114112K
  class space    used 6965K, committed 7616K, reserved 1048576K
}
Event: 29.312 GC heap after
{Heap after GC invocations=70 (full 3):
 PSYoungGen      total 21504K, used 836K [0x00000000d5580000, 0x00000000d7000000, 0x0000000100000000)
  eden space 19968K, 0% used [0x00000000d5580000,0x00000000d5580000,0x00000000d6900000)
  from space 1536K, 54% used [0x00000000d6d80000,0x00000000d6e51190,0x00000000d6f00000)
  to   space 1024K, 0% used [0x00000000d6f00000,0x00000000d6f00000,0x00000000d7000000)
 ParOldGen       total 151552K, used 151315K [0x0000000080000000, 0x0000000089400000, 0x00000000d5580000)
  object space 151552K, 99% used [0x0000000080000000,0x00000000893c4dc0,0x0000000089400000)
 Metaspace       used 64667K, committed 66176K, reserved 1114112K
  class space    used 6965K, committed 7616K, reserved 1048576K
}
Event: 30.400 GC heap before
{Heap before GC invocations=71 (full 3):
 PSYoungGen      total 21504K, used 20804K [0x00000000d5580000, 0x00000000d7000000, 0x0000000100000000)
  eden space 19968K, 100% used [0x00000000d5580000,0x00000000d6900000,0x00000000d6900000)
  from space 1536K, 54% used [0x00000000d6d80000,0x00000000d6e51190,0x00000000d6f00000)
  to   space 1024K, 0% used [0x00000000d6f00000,0x00000000d6f00000,0x00000000d7000000)
 ParOldGen       total 151552K, used 151315K [0x0000000080000000, 0x0000000089400000, 0x00000000d5580000)
  object space 151552K, 99% used [0x0000000080000000,0x00000000893c4dc0,0x0000000089400000)
 Metaspace       used 64823K, committed 66240K, reserved 1114112K
  class space    used 6981K, committed 7616K, reserved 1048576K
}
Event: 30.402 GC heap after
{Heap after GC invocations=71 (full 3):
 PSYoungGen      total 20992K, used 882K [0x00000000d5580000, 0x00000000d7000000, 0x0000000100000000)
  eden space 19968K, 0% used [0x00000000d5580000,0x00000000d5580000,0x00000000d6900000)
  from space 1024K, 86% used [0x00000000d6f00000,0x00000000d6fdc810,0x00000000d7000000)
  to   space 1024K, 0% used [0x00000000d6e00000,0x00000000d6e00000,0x00000000d6f00000)
 ParOldGen       total 152064K, used 151964K [0x0000000080000000, 0x0000000089480000, 0x00000000d5580000)
  object space 152064K, 99% used [0x0000000080000000,0x00000000894671c8,0x0000000089480000)
 Metaspace       used 64823K, committed 66240K, reserved 1114112K
  class space    used 6981K, committed 7616K, reserved 1048576K
}

